<?xml version="1.0" encoding="UTF-8"?>
<!-- Generated by org.testng.reporters.JUnitXMLReporter -->
<testsuite ignored="8" hostname="IN-PG02H8SH" failures="2" tests="12" name="Test" time="159.851" errors="0" timestamp="2023-01-06T23:29:45 IST">
  <testcase classname="com.test.TopDealsPageTest" name="topDeals" time="4.729"/>
  <testcase classname="com.test.SearchPageTest" name="Search" time="2.38"/>
  <testcase classname="com.test.HomePageTest" name="isLogoAvailable" time="0.188"/>
  <testcase classname="com.test.HomePageTest" name="verifyTitle" time="0.052"/>
  <testcase classname="com.test.HomePageTest" name="verifyTitleFailed" time="0.028">
    <failure type="java.lang.AssertionError" message="expected [GreenKart - veg and fruits kar] but found [GreenKart - veg and fruits kart]">
      <![CDATA[java.lang.AssertionError: expected [GreenKart - veg and fruits kar] but found [GreenKart - veg and fruits kart]
at com.test.HomePageTest.verifyTitleFailed(HomePageTest.java:47)
at java.base/java.util.ArrayList.forEach(ArrayList.java:1540)
... Removed 33 stack frames]]>
    </failure>
  </testcase> <!-- verifyTitleFailed -->
  <testcase classname="com.test.AddToCartTest" name="addCart" time="0.282"/>
  <testcase classname="com.test.AddToCartTest" name="proceedToCheckout" time="13.273"/>
  <testcase classname="com.test.AddToCartTest" name="failedProceedToCheckout" time="11.01">
    <failure type="java.lang.AssertionError" message="expected [Please accept Terms &amp;amp; Conditions - Require] but found [Please accept Terms &amp;amp; Conditions - Required]">
      <![CDATA[java.lang.AssertionError: expected [Please accept Terms & Conditions - Require] but found [Please accept Terms & Conditions - Required]
at com.test.AddToCartTest.failedProceedToCheckout(AddToCartTest.java:86)
at java.base/java.util.ArrayList.forEach(ArrayList.java:1540)
... Removed 33 stack frames]]>
    </failure>
  </testcase> <!-- failedProceedToCheckout -->
  <testcase classname="com.test.AddToCartTest" name="applyValidPromocode" time="12.038"/>
  <testcase classname="com.test.FlightBookingPageTest" name="flightBooking" time="14.757"/>
  <testcase classname="com.test.FlightBookingPageTest" name="bookHotel" time="13.783"/>
  <testcase classname="com.test.FlightBookingPageTest" name="holidayPackage" time="13.19"/>
  <testcase classname="com.base.BaseClass" name="@BeforeSuite init" time="0.0">
    <ignored/>
  </testcase> <!-- @BeforeSuite init -->
  <testcase classname="com.base.BaseClass" name="@BeforeSuite init" time="0.0">
    <ignored/>
  </testcase> <!-- @BeforeSuite init -->
  <testcase classname="com.base.BaseClass" name="@BeforeSuite init" time="0.0">
    <ignored/>
  </testcase> <!-- @BeforeSuite init -->
  <testcase classname="com.base.BaseClass" name="@BeforeSuite init" time="0.0">
    <ignored/>
  </testcase> <!-- @BeforeSuite init -->
  <testcase classname="com.base.BaseClass" name="@AfterSuite reportFlush" time="0.0">
    <ignored/>
  </testcase> <!-- @AfterSuite reportFlush -->
  <testcase classname="com.base.BaseClass" name="@AfterSuite reportFlush" time="0.0">
    <ignored/>
  </testcase> <!-- @AfterSuite reportFlush -->
  <testcase classname="com.base.BaseClass" name="@AfterSuite reportFlush" time="0.0">
    <ignored/>
  </testcase> <!-- @AfterSuite reportFlush -->
  <testcase classname="com.base.BaseClass" name="@AfterSuite reportFlush" time="0.0">
    <ignored/>
  </testcase> <!-- @AfterSuite reportFlush -->
</testsuite> <!-- Test -->
