<?xml version="1.0" encoding="UTF-8"?>
<testng-results ignored="8" total="20" passed="10" failed="2" skipped="0">
  <reporter-output>
  </reporter-output>
  <suite started-at="2023-01-06T23:27:05 IST" name="Suite" finished-at="2023-01-06T23:29:45 IST" duration-ms="159851">
    <groups>
    </groups>
    <test started-at="2023-01-06T23:27:05 IST" name="Test" finished-at="2023-01-06T23:29:45 IST" duration-ms="159851">
      <class name="com.test.HomePageTest">
        <test-method is-config="true" signature="seTup()[pri:0, instance:com.test.HomePageTest@4052274f]" started-at="2023-01-06T23:27:38 IST" name="seTup" finished-at="2023-01-06T23:27:41 IST" duration-ms="3706" status="PASS">
          <reporter-output>
          </reporter-output>
        </test-method> <!-- seTup -->
        <test-method is-config="true" signature="startTest(java.lang.reflect.Method)[pri:0, instance:com.test.HomePageTest@4052274f]" started-at="2023-01-06T23:27:38 IST" name="startTest" finished-at="2023-01-06T23:27:38 IST" duration-ms="0" status="PASS">
          <params>
            <param index="0">
              <value>
                <![CDATA[public void com.test.HomePageTest.isLogoAvailable()]]>
              </value>
            </param>
          </params>
          <reporter-output>
          </reporter-output>
        </test-method> <!-- startTest -->
        <test-method signature="isLogoAvailable()[pri:1, instance:com.test.HomePageTest@4052274f]" started-at="2023-01-06T23:27:41 IST" name="isLogoAvailable" finished-at="2023-01-06T23:27:41 IST" duration-ms="188" status="PASS">
          <reporter-output>
          </reporter-output>
        </test-method> <!-- isLogoAvailable -->
        <test-method is-config="true" signature="afterMethod(org.testng.ITestResult)[pri:0, instance:com.test.HomePageTest@4052274f]" started-at="2023-01-06T23:27:41 IST" name="afterMethod" finished-at="2023-01-06T23:27:41 IST" duration-ms="1" status="PASS">
          <params>
            <param index="0">
              <value>
                <![CDATA[[TestResult name=isLogoAvailable status=SUCCESS method=HomePageTest.isLogoAvailable()[pri:1, instance:com.test.HomePageTest@4052274f] output={null}]]]>
              </value>
            </param>
          </params>
          <reporter-output>
          </reporter-output>
        </test-method> <!-- afterMethod -->
        <test-method is-config="true" signature="teardown()[pri:0, instance:com.test.HomePageTest@4052274f]" started-at="2023-01-06T23:27:41 IST" name="teardown" finished-at="2023-01-06T23:27:58 IST" duration-ms="16274" status="PASS">
          <reporter-output>
          </reporter-output>
        </test-method> <!-- teardown -->
        <test-method is-config="true" signature="startTest(java.lang.reflect.Method)[pri:0, instance:com.test.HomePageTest@4052274f]" started-at="2023-01-06T23:27:58 IST" name="startTest" finished-at="2023-01-06T23:27:58 IST" duration-ms="1" status="PASS">
          <params>
            <param index="0">
              <value>
                <![CDATA[public void com.test.HomePageTest.verifyTitle()]]>
              </value>
            </param>
          </params>
          <reporter-output>
          </reporter-output>
        </test-method> <!-- startTest -->
        <test-method is-config="true" signature="seTup()[pri:0, instance:com.test.HomePageTest@4052274f]" started-at="2023-01-06T23:27:58 IST" name="seTup" finished-at="2023-01-06T23:28:01 IST" duration-ms="2909" status="PASS">
          <reporter-output>
          </reporter-output>
        </test-method> <!-- seTup -->
        <test-method signature="verifyTitle()[pri:2, instance:com.test.HomePageTest@4052274f]" started-at="2023-01-06T23:28:01 IST" name="verifyTitle" finished-at="2023-01-06T23:28:01 IST" duration-ms="52" status="PASS">
          <reporter-output>
          </reporter-output>
        </test-method> <!-- verifyTitle -->
        <test-method is-config="true" signature="afterMethod(org.testng.ITestResult)[pri:0, instance:com.test.HomePageTest@4052274f]" started-at="2023-01-06T23:28:01 IST" name="afterMethod" finished-at="2023-01-06T23:28:01 IST" duration-ms="2" status="PASS">
          <params>
            <param index="0">
              <value>
                <![CDATA[[TestResult name=verifyTitle status=SUCCESS method=HomePageTest.verifyTitle()[pri:2, instance:com.test.HomePageTest@4052274f] output={null}]]]>
              </value>
            </param>
          </params>
          <reporter-output>
          </reporter-output>
        </test-method> <!-- afterMethod -->
        <test-method is-config="true" signature="teardown()[pri:0, instance:com.test.HomePageTest@4052274f]" started-at="2023-01-06T23:28:01 IST" name="teardown" finished-at="2023-01-06T23:28:01 IST" duration-ms="172" status="PASS">
          <reporter-output>
          </reporter-output>
        </test-method> <!-- teardown -->
        <test-method is-config="true" signature="seTup()[pri:0, instance:com.test.HomePageTest@4052274f]" started-at="2023-01-06T23:28:01 IST" name="seTup" finished-at="2023-01-06T23:28:04 IST" duration-ms="2758" status="PASS">
          <reporter-output>
          </reporter-output>
        </test-method> <!-- seTup -->
        <test-method is-config="true" signature="startTest(java.lang.reflect.Method)[pri:0, instance:com.test.HomePageTest@4052274f]" started-at="2023-01-06T23:28:01 IST" name="startTest" finished-at="2023-01-06T23:28:01 IST" duration-ms="0" status="PASS">
          <params>
            <param index="0">
              <value>
                <![CDATA[public void com.test.HomePageTest.verifyTitleFailed()]]>
              </value>
            </param>
          </params>
          <reporter-output>
          </reporter-output>
        </test-method> <!-- startTest -->
        <test-method signature="verifyTitleFailed()[pri:3, instance:com.test.HomePageTest@4052274f]" started-at="2023-01-06T23:28:04 IST" name="verifyTitleFailed" finished-at="2023-01-06T23:28:04 IST" duration-ms="28" status="FAIL">
          <exception class="java.lang.AssertionError">
            <message>
              <![CDATA[expected [GreenKart - veg and fruits kar] but found [GreenKart - veg and fruits kart]]]>
            </message>
            <full-stacktrace>
              <![CDATA[java.lang.AssertionError: expected [GreenKart - veg and fruits kar] but found [GreenKart - veg and fruits kart]
at org.testng.Assert.fail(Assert.java:99)
at org.testng.Assert.failNotEquals(Assert.java:1037)
at org.testng.Assert.assertEqualsImpl(Assert.java:140)
at org.testng.Assert.assertEquals(Assert.java:122)
at org.testng.Assert.assertEquals(Assert.java:629)
at org.testng.Assert.assertEquals(Assert.java:639)
at com.test.HomePageTest.verifyTitleFailed(HomePageTest.java:47)
at java.base/jdk.internal.reflect.NativeMethodAccessorImpl.invoke0(Native Method)
at java.base/jdk.internal.reflect.NativeMethodAccessorImpl.invoke(NativeMethodAccessorImpl.java:62)
at java.base/jdk.internal.reflect.DelegatingMethodAccessorImpl.invoke(DelegatingMethodAccessorImpl.java:43)
at java.base/java.lang.reflect.Method.invoke(Method.java:566)
at org.testng.internal.MethodInvocationHelper.invokeMethod(MethodInvocationHelper.java:133)
at org.testng.internal.TestInvoker.invokeMethod(TestInvoker.java:598)
at org.testng.internal.TestInvoker.invokeTestMethod(TestInvoker.java:173)
at org.testng.internal.MethodRunner.runInSequence(MethodRunner.java:46)
at org.testng.internal.TestInvoker$MethodInvocationAgent.invoke(TestInvoker.java:824)
at org.testng.internal.TestInvoker.invokeTestMethods(TestInvoker.java:146)
at org.testng.internal.TestMethodWorker.invokeTestMethods(TestMethodWorker.java:146)
at org.testng.internal.TestMethodWorker.run(TestMethodWorker.java:128)
at java.base/java.util.ArrayList.forEach(ArrayList.java:1540)
at org.testng.TestRunner.privateRun(TestRunner.java:794)
at org.testng.TestRunner.run(TestRunner.java:596)
at org.testng.SuiteRunner.runTest(SuiteRunner.java:377)
at org.testng.SuiteRunner.runSequentially(SuiteRunner.java:371)
at org.testng.SuiteRunner.privateRun(SuiteRunner.java:332)
at org.testng.SuiteRunner.run(SuiteRunner.java:276)
at org.testng.SuiteRunnerWorker.runSuite(SuiteRunnerWorker.java:53)
at org.testng.SuiteRunnerWorker.run(SuiteRunnerWorker.java:96)
at org.testng.TestNG.runSuitesSequentially(TestNG.java:1212)
at org.testng.TestNG.runSuitesLocally(TestNG.java:1134)
at org.testng.TestNG.runSuites(TestNG.java:1063)
at org.testng.TestNG.run(TestNG.java:1031)
at org.testng.remote.AbstractRemoteTestNG.run(AbstractRemoteTestNG.java:115)
at org.testng.remote.RemoteTestNG.initAndRun(RemoteTestNG.java:251)
at org.testng.remote.RemoteTestNG.main(RemoteTestNG.java:77)
]]>
            </full-stacktrace>
          </exception> <!-- java.lang.AssertionError -->
          <reporter-output>
          </reporter-output>
        </test-method> <!-- verifyTitleFailed -->
        <test-method is-config="true" signature="afterMethod(org.testng.ITestResult)[pri:0, instance:com.test.HomePageTest@4052274f]" started-at="2023-01-06T23:28:04 IST" name="afterMethod" finished-at="2023-01-06T23:28:04 IST" duration-ms="835" status="PASS">
          <params>
            <param index="0">
              <value>
                <![CDATA[[TestResult name=verifyTitleFailed status=FAILURE method=HomePageTest.verifyTitleFailed()[pri:3, instance:com.test.HomePageTest@4052274f] output={null}]]]>
              </value>
            </param>
          </params>
          <reporter-output>
          </reporter-output>
        </test-method> <!-- afterMethod -->
        <test-method is-config="true" signature="teardown()[pri:0, instance:com.test.HomePageTest@4052274f]" started-at="2023-01-06T23:28:04 IST" name="teardown" finished-at="2023-01-06T23:28:05 IST" duration-ms="137" status="PASS">
          <reporter-output>
          </reporter-output>
        </test-method> <!-- teardown -->
      </class> <!-- com.test.HomePageTest -->
      <class name="com.test.AddToCartTest">
        <test-method is-config="true" signature="seTup()[pri:0, instance:com.test.AddToCartTest@5bf22f18]" started-at="2023-01-06T23:28:05 IST" name="seTup" finished-at="2023-01-06T23:28:07 IST" duration-ms="2809" status="PASS">
          <reporter-output>
          </reporter-output>
        </test-method> <!-- seTup -->
        <test-method is-config="true" signature="startTest(java.lang.reflect.Method)[pri:0, instance:com.test.AddToCartTest@5bf22f18]" started-at="2023-01-06T23:28:05 IST" name="startTest" finished-at="2023-01-06T23:28:05 IST" duration-ms="0" status="PASS">
          <params>
            <param index="0">
              <value>
                <![CDATA[public void com.test.AddToCartTest.addCart()]]>
              </value>
            </param>
          </params>
          <reporter-output>
          </reporter-output>
        </test-method> <!-- startTest -->
        <test-method signature="addCart()[pri:6, instance:com.test.AddToCartTest@5bf22f18]" started-at="2023-01-06T23:28:07 IST" name="addCart" finished-at="2023-01-06T23:28:08 IST" duration-ms="282" status="PASS">
          <reporter-output>
          </reporter-output>
        </test-method> <!-- addCart -->
        <test-method is-config="true" signature="afterMethod(org.testng.ITestResult)[pri:0, instance:com.test.AddToCartTest@5bf22f18]" started-at="2023-01-06T23:28:08 IST" name="afterMethod" finished-at="2023-01-06T23:28:08 IST" duration-ms="0" status="PASS">
          <params>
            <param index="0">
              <value>
                <![CDATA[[TestResult name=addCart status=SUCCESS method=AddToCartTest.addCart()[pri:6, instance:com.test.AddToCartTest@5bf22f18] output={null}]]]>
              </value>
            </param>
          </params>
          <reporter-output>
          </reporter-output>
        </test-method> <!-- afterMethod -->
        <test-method is-config="true" signature="teardown()[pri:0, instance:com.test.AddToCartTest@5bf22f18]" started-at="2023-01-06T23:28:08 IST" name="teardown" finished-at="2023-01-06T23:28:08 IST" duration-ms="163" status="PASS">
          <reporter-output>
          </reporter-output>
        </test-method> <!-- teardown -->
        <test-method is-config="true" signature="seTup()[pri:0, instance:com.test.AddToCartTest@5bf22f18]" started-at="2023-01-06T23:28:08 IST" name="seTup" finished-at="2023-01-06T23:28:11 IST" duration-ms="3276" status="PASS">
          <reporter-output>
          </reporter-output>
        </test-method> <!-- seTup -->
        <test-method is-config="true" signature="startTest(java.lang.reflect.Method)[pri:0, instance:com.test.AddToCartTest@5bf22f18]" started-at="2023-01-06T23:28:08 IST" name="startTest" finished-at="2023-01-06T23:28:08 IST" duration-ms="0" status="PASS">
          <params>
            <param index="0">
              <value>
                <![CDATA[public void com.test.AddToCartTest.proceedToCheckout() throws java.lang.InterruptedException]]>
              </value>
            </param>
          </params>
          <reporter-output>
          </reporter-output>
        </test-method> <!-- startTest -->
        <test-method signature="proceedToCheckout()[pri:7, instance:com.test.AddToCartTest@5bf22f18]" started-at="2023-01-06T23:28:11 IST" name="proceedToCheckout" finished-at="2023-01-06T23:28:24 IST" duration-ms="13273" status="PASS">
          <reporter-output>
          </reporter-output>
        </test-method> <!-- proceedToCheckout -->
        <test-method is-config="true" signature="teardown()[pri:0, instance:com.test.AddToCartTest@5bf22f18]" started-at="2023-01-06T23:28:24 IST" name="teardown" finished-at="2023-01-06T23:28:25 IST" duration-ms="148" status="PASS">
          <reporter-output>
          </reporter-output>
        </test-method> <!-- teardown -->
        <test-method is-config="true" signature="afterMethod(org.testng.ITestResult)[pri:0, instance:com.test.AddToCartTest@5bf22f18]" started-at="2023-01-06T23:28:24 IST" name="afterMethod" finished-at="2023-01-06T23:28:24 IST" duration-ms="0" status="PASS">
          <params>
            <param index="0">
              <value>
                <![CDATA[[TestResult name=proceedToCheckout status=SUCCESS method=AddToCartTest.proceedToCheckout()[pri:7, instance:com.test.AddToCartTest@5bf22f18] output={null}]]]>
              </value>
            </param>
          </params>
          <reporter-output>
          </reporter-output>
        </test-method> <!-- afterMethod -->
        <test-method is-config="true" signature="startTest(java.lang.reflect.Method)[pri:0, instance:com.test.AddToCartTest@5bf22f18]" started-at="2023-01-06T23:28:25 IST" name="startTest" finished-at="2023-01-06T23:28:25 IST" duration-ms="1" status="PASS">
          <params>
            <param index="0">
              <value>
                <![CDATA[public void com.test.AddToCartTest.failedProceedToCheckout() throws java.lang.InterruptedException]]>
              </value>
            </param>
          </params>
          <reporter-output>
          </reporter-output>
        </test-method> <!-- startTest -->
        <test-method is-config="true" signature="seTup()[pri:0, instance:com.test.AddToCartTest@5bf22f18]" started-at="2023-01-06T23:28:25 IST" name="seTup" finished-at="2023-01-06T23:28:28 IST" duration-ms="2983" status="PASS">
          <reporter-output>
          </reporter-output>
        </test-method> <!-- seTup -->
        <test-method signature="failedProceedToCheckout()[pri:8, instance:com.test.AddToCartTest@5bf22f18]" started-at="2023-01-06T23:28:28 IST" name="failedProceedToCheckout" finished-at="2023-01-06T23:28:39 IST" duration-ms="11010" status="FAIL">
          <exception class="java.lang.AssertionError">
            <message>
              <![CDATA[expected [Please accept Terms & Conditions - Require] but found [Please accept Terms & Conditions - Required]]]>
            </message>
            <full-stacktrace>
              <![CDATA[java.lang.AssertionError: expected [Please accept Terms & Conditions - Require] but found [Please accept Terms & Conditions - Required]
at org.testng.Assert.fail(Assert.java:99)
at org.testng.Assert.failNotEquals(Assert.java:1037)
at org.testng.Assert.assertEqualsImpl(Assert.java:140)
at org.testng.Assert.assertEquals(Assert.java:122)
at org.testng.Assert.assertEquals(Assert.java:629)
at org.testng.Assert.assertEquals(Assert.java:639)
at com.test.AddToCartTest.failedProceedToCheckout(AddToCartTest.java:86)
at java.base/jdk.internal.reflect.NativeMethodAccessorImpl.invoke0(Native Method)
at java.base/jdk.internal.reflect.NativeMethodAccessorImpl.invoke(NativeMethodAccessorImpl.java:62)
at java.base/jdk.internal.reflect.DelegatingMethodAccessorImpl.invoke(DelegatingMethodAccessorImpl.java:43)
at java.base/java.lang.reflect.Method.invoke(Method.java:566)
at org.testng.internal.MethodInvocationHelper.invokeMethod(MethodInvocationHelper.java:133)
at org.testng.internal.TestInvoker.invokeMethod(TestInvoker.java:598)
at org.testng.internal.TestInvoker.invokeTestMethod(TestInvoker.java:173)
at org.testng.internal.MethodRunner.runInSequence(MethodRunner.java:46)
at org.testng.internal.TestInvoker$MethodInvocationAgent.invoke(TestInvoker.java:824)
at org.testng.internal.TestInvoker.invokeTestMethods(TestInvoker.java:146)
at org.testng.internal.TestMethodWorker.invokeTestMethods(TestMethodWorker.java:146)
at org.testng.internal.TestMethodWorker.run(TestMethodWorker.java:128)
at java.base/java.util.ArrayList.forEach(ArrayList.java:1540)
at org.testng.TestRunner.privateRun(TestRunner.java:794)
at org.testng.TestRunner.run(TestRunner.java:596)
at org.testng.SuiteRunner.runTest(SuiteRunner.java:377)
at org.testng.SuiteRunner.runSequentially(SuiteRunner.java:371)
at org.testng.SuiteRunner.privateRun(SuiteRunner.java:332)
at org.testng.SuiteRunner.run(SuiteRunner.java:276)
at org.testng.SuiteRunnerWorker.runSuite(SuiteRunnerWorker.java:53)
at org.testng.SuiteRunnerWorker.run(SuiteRunnerWorker.java:96)
at org.testng.TestNG.runSuitesSequentially(TestNG.java:1212)
at org.testng.TestNG.runSuitesLocally(TestNG.java:1134)
at org.testng.TestNG.runSuites(TestNG.java:1063)
at org.testng.TestNG.run(TestNG.java:1031)
at org.testng.remote.AbstractRemoteTestNG.run(AbstractRemoteTestNG.java:115)
at org.testng.remote.RemoteTestNG.initAndRun(RemoteTestNG.java:251)
at org.testng.remote.RemoteTestNG.main(RemoteTestNG.java:77)
]]>
            </full-stacktrace>
          </exception> <!-- java.lang.AssertionError -->
          <reporter-output>
          </reporter-output>
        </test-method> <!-- failedProceedToCheckout -->
        <test-method is-config="true" signature="afterMethod(org.testng.ITestResult)[pri:0, instance:com.test.AddToCartTest@5bf22f18]" started-at="2023-01-06T23:28:39 IST" name="afterMethod" finished-at="2023-01-06T23:28:39 IST" duration-ms="207" status="PASS">
          <params>
            <param index="0">
              <value>
                <![CDATA[[TestResult name=failedProceedToCheckout status=FAILURE method=AddToCartTest.failedProceedToCheckout()[pri:8, instance:com.test.AddToCartTest@5bf22f18] output={null}]]]>
              </value>
            </param>
          </params>
          <reporter-output>
          </reporter-output>
        </test-method> <!-- afterMethod -->
        <test-method is-config="true" signature="teardown()[pri:0, instance:com.test.AddToCartTest@5bf22f18]" started-at="2023-01-06T23:28:39 IST" name="teardown" finished-at="2023-01-06T23:28:39 IST" duration-ms="118" status="PASS">
          <reporter-output>
          </reporter-output>
        </test-method> <!-- teardown -->
        <test-method is-config="true" signature="startTest(java.lang.reflect.Method)[pri:0, instance:com.test.AddToCartTest@5bf22f18]" started-at="2023-01-06T23:28:39 IST" name="startTest" finished-at="2023-01-06T23:28:39 IST" duration-ms="0" status="PASS">
          <params>
            <param index="0">
              <value>
                <![CDATA[public void com.test.AddToCartTest.applyValidPromocode() throws java.lang.InterruptedException]]>
              </value>
            </param>
          </params>
          <reporter-output>
          </reporter-output>
        </test-method> <!-- startTest -->
        <test-method is-config="true" signature="seTup()[pri:0, instance:com.test.AddToCartTest@5bf22f18]" started-at="2023-01-06T23:28:39 IST" name="seTup" finished-at="2023-01-06T23:28:42 IST" duration-ms="2892" status="PASS">
          <reporter-output>
          </reporter-output>
        </test-method> <!-- seTup -->
        <test-method signature="applyValidPromocode()[pri:9, instance:com.test.AddToCartTest@5bf22f18]" started-at="2023-01-06T23:28:42 IST" name="applyValidPromocode" finished-at="2023-01-06T23:28:54 IST" duration-ms="12038" status="PASS">
          <reporter-output>
          </reporter-output>
        </test-method> <!-- applyValidPromocode -->
        <test-method is-config="true" signature="teardown()[pri:0, instance:com.test.AddToCartTest@5bf22f18]" started-at="2023-01-06T23:28:54 IST" name="teardown" finished-at="2023-01-06T23:28:54 IST" duration-ms="274" status="PASS">
          <reporter-output>
          </reporter-output>
        </test-method> <!-- teardown -->
        <test-method is-config="true" signature="afterMethod(org.testng.ITestResult)[pri:0, instance:com.test.AddToCartTest@5bf22f18]" started-at="2023-01-06T23:28:54 IST" name="afterMethod" finished-at="2023-01-06T23:28:54 IST" duration-ms="0" status="PASS">
          <params>
            <param index="0">
              <value>
                <![CDATA[[TestResult name=applyValidPromocode status=SUCCESS method=AddToCartTest.applyValidPromocode()[pri:9, instance:com.test.AddToCartTest@5bf22f18] output={null}]]]>
              </value>
            </param>
          </params>
          <reporter-output>
          </reporter-output>
        </test-method> <!-- afterMethod -->
      </class> <!-- com.test.AddToCartTest -->
      <class name="com.test.TopDealsPageTest">
        <test-method is-config="true" signature="init()[pri:0, instance:com.test.TopDealsPageTest@19fe4644]" started-at="2023-01-06T23:27:05 IST" name="init" finished-at="2023-01-06T23:27:05 IST" duration-ms="209" status="PASS">
          <reporter-output>
          </reporter-output>
        </test-method> <!-- init -->
        <test-method is-config="true" signature="startTest(java.lang.reflect.Method)[pri:0, instance:com.test.TopDealsPageTest@19fe4644]" started-at="2023-01-06T23:27:06 IST" name="startTest" finished-at="2023-01-06T23:27:06 IST" duration-ms="5" status="PASS">
          <params>
            <param index="0">
              <value>
                <![CDATA[public void com.test.TopDealsPageTest.topDeals() throws java.lang.InterruptedException]]>
              </value>
            </param>
          </params>
          <reporter-output>
          </reporter-output>
        </test-method> <!-- startTest -->
        <test-method is-config="true" signature="seTup()[pri:0, instance:com.test.TopDealsPageTest@19fe4644]" started-at="2023-01-06T23:27:06 IST" name="seTup" finished-at="2023-01-06T23:27:10 IST" duration-ms="4688" status="PASS">
          <reporter-output>
          </reporter-output>
        </test-method> <!-- seTup -->
        <test-method signature="topDeals()[pri:5, instance:com.test.TopDealsPageTest@19fe4644]" started-at="2023-01-06T23:27:10 IST" name="topDeals" finished-at="2023-01-06T23:27:15 IST" duration-ms="4729" status="PASS">
          <reporter-output>
          </reporter-output>
        </test-method> <!-- topDeals -->
        <test-method is-config="true" signature="afterMethod(org.testng.ITestResult)[pri:0, instance:com.test.TopDealsPageTest@19fe4644]" started-at="2023-01-06T23:27:15 IST" name="afterMethod" finished-at="2023-01-06T23:27:15 IST" duration-ms="10" status="PASS">
          <params>
            <param index="0">
              <value>
                <![CDATA[[TestResult name=topDeals status=SUCCESS method=TopDealsPageTest.topDeals()[pri:5, instance:com.test.TopDealsPageTest@19fe4644] output={null}]]]>
              </value>
            </param>
          </params>
          <reporter-output>
          </reporter-output>
        </test-method> <!-- afterMethod -->
        <test-method is-config="true" signature="teardown()[pri:0, instance:com.test.TopDealsPageTest@19fe4644]" started-at="2023-01-06T23:27:15 IST" name="teardown" finished-at="2023-01-06T23:27:31 IST" duration-ms="16172" status="PASS">
          <reporter-output>
          </reporter-output>
        </test-method> <!-- teardown -->
        <test-method is-config="true" signature="reportFlush()[pri:0, instance:com.test.TopDealsPageTest@19fe4644]" started-at="2023-01-06T23:29:45 IST" name="reportFlush" finished-at="2023-01-06T23:29:46 IST" duration-ms="585" status="PASS">
          <reporter-output>
          </reporter-output>
        </test-method> <!-- reportFlush -->
      </class> <!-- com.test.TopDealsPageTest -->
      <class name="com.test.SearchPageTest">
        <test-method is-config="true" signature="startTest(java.lang.reflect.Method)[pri:0, instance:com.test.SearchPageTest@2e029d61]" started-at="2023-01-06T23:27:31 IST" name="startTest" finished-at="2023-01-06T23:27:31 IST" duration-ms="2" status="PASS">
          <params>
            <param index="0">
              <value>
                <![CDATA[public void com.test.SearchPageTest.Search() throws java.lang.Exception]]>
              </value>
            </param>
          </params>
          <reporter-output>
          </reporter-output>
        </test-method> <!-- startTest -->
        <test-method is-config="true" signature="seTup()[pri:0, instance:com.test.SearchPageTest@2e029d61]" started-at="2023-01-06T23:27:31 IST" name="seTup" finished-at="2023-01-06T23:27:35 IST" duration-ms="3819" status="PASS">
          <reporter-output>
          </reporter-output>
        </test-method> <!-- seTup -->
        <test-method signature="Search()[pri:4, instance:com.test.SearchPageTest@2e029d61]" started-at="2023-01-06T23:27:35 IST" name="Search" finished-at="2023-01-06T23:27:37 IST" duration-ms="2380" status="PASS">
          <reporter-output>
          </reporter-output>
        </test-method> <!-- Search -->
        <test-method is-config="true" signature="afterMethod(org.testng.ITestResult)[pri:0, instance:com.test.SearchPageTest@2e029d61]" started-at="2023-01-06T23:27:37 IST" name="afterMethod" finished-at="2023-01-06T23:27:37 IST" duration-ms="0" status="PASS">
          <params>
            <param index="0">
              <value>
                <![CDATA[[TestResult name=Search status=SUCCESS method=SearchPageTest.Search()[pri:4, instance:com.test.SearchPageTest@2e029d61] output={null}]]]>
              </value>
            </param>
          </params>
          <reporter-output>
          </reporter-output>
        </test-method> <!-- afterMethod -->
        <test-method is-config="true" signature="teardown()[pri:0, instance:com.test.SearchPageTest@2e029d61]" started-at="2023-01-06T23:27:37 IST" name="teardown" finished-at="2023-01-06T23:27:37 IST" duration-ms="172" status="PASS">
          <reporter-output>
          </reporter-output>
        </test-method> <!-- teardown -->
      </class> <!-- com.test.SearchPageTest -->
      <class name="com.test.FlightBookingPageTest">
        <test-method is-config="true" signature="startTest(java.lang.reflect.Method)[pri:0, instance:com.test.FlightBookingPageTest@7a7471ce]" started-at="2023-01-06T23:28:54 IST" name="startTest" finished-at="2023-01-06T23:28:54 IST" duration-ms="0" status="PASS">
          <params>
            <param index="0">
              <value>
                <![CDATA[public void com.test.FlightBookingPageTest.flightBooking() throws java.lang.InterruptedException]]>
              </value>
            </param>
          </params>
          <reporter-output>
          </reporter-output>
        </test-method> <!-- startTest -->
        <test-method is-config="true" signature="seTup()[pri:0, instance:com.test.FlightBookingPageTest@7a7471ce]" started-at="2023-01-06T23:28:54 IST" name="seTup" finished-at="2023-01-06T23:28:57 IST" duration-ms="3001" status="PASS">
          <reporter-output>
          </reporter-output>
        </test-method> <!-- seTup -->
        <test-method signature="flightBooking()[pri:10, instance:com.test.FlightBookingPageTest@7a7471ce]" started-at="2023-01-06T23:28:57 IST" name="flightBooking" finished-at="2023-01-06T23:29:12 IST" duration-ms="14757" status="PASS">
          <reporter-output>
          </reporter-output>
        </test-method> <!-- flightBooking -->
        <test-method is-config="true" signature="afterMethod(org.testng.ITestResult)[pri:0, instance:com.test.FlightBookingPageTest@7a7471ce]" started-at="2023-01-06T23:29:12 IST" name="afterMethod" finished-at="2023-01-06T23:29:12 IST" duration-ms="2" status="PASS">
          <params>
            <param index="0">
              <value>
                <![CDATA[[TestResult name=flightBooking status=SUCCESS method=FlightBookingPageTest.flightBooking()[pri:10, instance:com.test.FlightBookingPageTest@7a7471ce] output={null}]]]>
              </value>
            </param>
          </params>
          <reporter-output>
          </reporter-output>
        </test-method> <!-- afterMethod -->
        <test-method is-config="true" signature="teardown()[pri:0, instance:com.test.FlightBookingPageTest@7a7471ce]" started-at="2023-01-06T23:29:12 IST" name="teardown" finished-at="2023-01-06T23:29:12 IST" duration-ms="175" status="PASS">
          <reporter-output>
          </reporter-output>
        </test-method> <!-- teardown -->
        <test-method is-config="true" signature="startTest(java.lang.reflect.Method)[pri:0, instance:com.test.FlightBookingPageTest@7a7471ce]" started-at="2023-01-06T23:29:12 IST" name="startTest" finished-at="2023-01-06T23:29:12 IST" duration-ms="1" status="PASS">
          <params>
            <param index="0">
              <value>
                <![CDATA[public void com.test.FlightBookingPageTest.bookHotel() throws java.lang.InterruptedException]]>
              </value>
            </param>
          </params>
          <reporter-output>
          </reporter-output>
        </test-method> <!-- startTest -->
        <test-method is-config="true" signature="seTup()[pri:0, instance:com.test.FlightBookingPageTest@7a7471ce]" started-at="2023-01-06T23:29:12 IST" name="seTup" finished-at="2023-01-06T23:29:15 IST" duration-ms="3304" status="PASS">
          <reporter-output>
          </reporter-output>
        </test-method> <!-- seTup -->
        <test-method signature="bookHotel()[pri:11, instance:com.test.FlightBookingPageTest@7a7471ce]" started-at="2023-01-06T23:29:15 IST" name="bookHotel" finished-at="2023-01-06T23:29:29 IST" duration-ms="13783" status="PASS">
          <reporter-output>
          </reporter-output>
        </test-method> <!-- bookHotel -->
        <test-method is-config="true" signature="afterMethod(org.testng.ITestResult)[pri:0, instance:com.test.FlightBookingPageTest@7a7471ce]" started-at="2023-01-06T23:29:29 IST" name="afterMethod" finished-at="2023-01-06T23:29:29 IST" duration-ms="1" status="PASS">
          <params>
            <param index="0">
              <value>
                <![CDATA[[TestResult name=bookHotel status=SUCCESS method=FlightBookingPageTest.bookHotel()[pri:11, instance:com.test.FlightBookingPageTest@7a7471ce] output={null}]]]>
              </value>
            </param>
          </params>
          <reporter-output>
          </reporter-output>
        </test-method> <!-- afterMethod -->
        <test-method is-config="true" signature="teardown()[pri:0, instance:com.test.FlightBookingPageTest@7a7471ce]" started-at="2023-01-06T23:29:29 IST" name="teardown" finished-at="2023-01-06T23:29:29 IST" duration-ms="151" status="PASS">
          <reporter-output>
          </reporter-output>
        </test-method> <!-- teardown -->
        <test-method is-config="true" signature="startTest(java.lang.reflect.Method)[pri:0, instance:com.test.FlightBookingPageTest@7a7471ce]" started-at="2023-01-06T23:29:29 IST" name="startTest" finished-at="2023-01-06T23:29:29 IST" duration-ms="0" status="PASS">
          <params>
            <param index="0">
              <value>
                <![CDATA[public void com.test.FlightBookingPageTest.holidayPackage() throws java.lang.InterruptedException]]>
              </value>
            </param>
          </params>
          <reporter-output>
          </reporter-output>
        </test-method> <!-- startTest -->
        <test-method is-config="true" signature="seTup()[pri:0, instance:com.test.FlightBookingPageTest@7a7471ce]" started-at="2023-01-06T23:29:29 IST" name="seTup" finished-at="2023-01-06T23:29:32 IST" duration-ms="2734" status="PASS">
          <reporter-output>
          </reporter-output>
        </test-method> <!-- seTup -->
        <test-method signature="holidayPackage()[pri:12, instance:com.test.FlightBookingPageTest@7a7471ce]" started-at="2023-01-06T23:29:32 IST" name="holidayPackage" finished-at="2023-01-06T23:29:45 IST" duration-ms="13190" status="PASS">
          <reporter-output>
          </reporter-output>
        </test-method> <!-- holidayPackage -->
        <test-method is-config="true" signature="afterMethod(org.testng.ITestResult)[pri:0, instance:com.test.FlightBookingPageTest@7a7471ce]" started-at="2023-01-06T23:29:45 IST" name="afterMethod" finished-at="2023-01-06T23:29:45 IST" duration-ms="1" status="PASS">
          <params>
            <param index="0">
              <value>
                <![CDATA[[TestResult name=holidayPackage status=SUCCESS method=FlightBookingPageTest.holidayPackage()[pri:12, instance:com.test.FlightBookingPageTest@7a7471ce] output={null}]]]>
              </value>
            </param>
          </params>
          <reporter-output>
          </reporter-output>
        </test-method> <!-- afterMethod -->
        <test-method is-config="true" signature="teardown()[pri:0, instance:com.test.FlightBookingPageTest@7a7471ce]" started-at="2023-01-06T23:29:45 IST" name="teardown" finished-at="2023-01-06T23:29:45 IST" duration-ms="142" status="PASS">
          <reporter-output>
          </reporter-output>
        </test-method> <!-- teardown -->
      </class> <!-- com.test.FlightBookingPageTest -->
    </test> <!-- Test -->
  </suite> <!-- Suite -->
</testng-results>
